#
# There is insufficient memory for the Java Runtime Environment to continue.
# Native memory allocation (mmap) failed to map 100663296 bytes for G1 virtual space
# Possible reasons:
#   The system is out of physical RAM or swap space
#   The process is running with CompressedOops enabled, and the Java Heap may be blocking the growth of the native heap
# Possible solutions:
#   Reduce memory load on the system
#   Increase physical memory or swap space
#   Check if swap backing store is full
#   Decrease Java heap size (-Xmx/-Xms)
#   Decrease number of Java threads
#   Decrease Java thread stack sizes (-Xss)
#   Set larger code cache with -XX:ReservedCodeCacheSize=
#   JVM is running with Unscaled Compressed Oops mode in which the Java heap is
#     placed in the first 4GB address space. The Java Heap base address is the
#     maximum limit for the native heap growth. Please use -XX:HeapBaseMinAddress
#     to set the Java Heap base and to place the Java Heap above 4GB virtual address.
# This output file may be truncated or incomplete.
#
#  Out of Memory Error (os_windows.cpp:3535), pid=24508, tid=24996
#
# JRE version:  (17.0.3+7) (build )
# Java VM: OpenJDK 64-Bit Server VM (17.0.3+7, mixed mode, sharing, tiered, compressed oops, compressed class ptrs, g1 gc, windows-amd64)
# No core dump will be written. Minidumps are not enabled by default on client versions of Windows
#

---------------  S U M M A R Y ------------

Command Line: -Dfile.encoding=UTF-8 --module-path=C:\Users\AJAY KUMAR B\OneDrive\Documents\NetBeansProjects\Employee management System\build\classes employee.management.system.Home

Host: AMD Ryzen 5 3500U with Radeon Vega Mobile Gfx  , 8 cores, 5G,  Windows 11 , 64 bit Build 22621 (10.0.22621.2215)
Time: Wed Sep 20 10:21:17 2023 India Standard Time elapsed time: 0.016668 seconds (0d 0h 0m 0s)

---------------  T H R E A D  ---------------

Current thread (0x000001961299b3b0):  JavaThread "Unknown thread" [_thread_in_vm, id=24996, stack(0x00000028b1a00000,0x00000028b1b00000)]

Stack: [0x00000028b1a00000,0x00000028b1b00000]
Native frames: (J=compiled Java code, j=interpreted, Vv=VM code, C=native code)
V  [jvm.dll+0x675efa]
V  [jvm.dll+0x830a24]
V  [jvm.dll+0x8321ce]
V  [jvm.dll+0x832833]
V  [jvm.dll+0x2454b5]
V  [jvm.dll+0x672de9]
V  [jvm.dll+0x667732]
V  [jvm.dll+0x3043ab]
V  [jvm.dll+0x30b8f6]
V  [jvm.dll+0x35b62e]
V  [jvm.dll+0x35b85f]
V  [jvm.dll+0x2db248]
V  [jvm.dll+0x2dc1b4]
V  [jvm.dll+0x802651]
V  [jvm.dll+0x3693b1]
V  [jvm.dll+0x7e1aac]
V  [jvm.dll+0x3ebd8f]
V  [jvm.dll+0x3ed911]
C  [jli.dll+0x5277]
C  [ucrtbase.dll+0x29363]
C  [KERNEL32.DLL+0x1257d]
C  [ntdll.dll+0x5aa68]


---------------  P R O C E S S  ---------------

Threads class SMR info:
_java_thread_list=0x00007ff8d6506e98, length=0, elements={
}

Java Threads: ( => current thread )

Other Threads:
  0x00000196129e6310 GCTaskThread "GC Thread#0" [stack: 0x00000028b1b00000,0x00000028b1c00000] [id=24992]
  0x00000196129f37e0 ConcurrentGCThread "G1 Main Marker" [stack: 0x00000028b1c00000,0x00000028b1d00000] [id=23352]
  0x00000196129f51a0 ConcurrentGCThread "G1 Conc#0" [stack: 0x00000028b1d00000,0x00000028b1e00000] [id=12128]

[error occurred during error reporting (printing all threads), id 0xc0000005, EXCEPTION_ACCESS_VIOLATION (0xc0000005) at pc=0x00007ff8d5cdbcd7]

VM state: not at safepoint (not fully initialized)

VM Mutex/Monitor currently owned by a thread:  ([mutex/lock_event])
[0x0000019612996910] Heap_lock - owner thread: 0x000001961299b3b0

Heap address: 0x00000000a1400000, size: 1516 MB, Compressed Oops mode: 32-bit

CDS archive(s) mapped at: [0x0000000000000000-0x0000000000000000-0x0000000000000000), size 0, SharedBaseAddress: 0x0000000800000000, ArchiveRelocationMode: 0.
Narrow klass base: 0x0000000000000000, Narrow klass shift: 0, Narrow klass range: 0x0

GC Precious Log:
<Empty>

Heap:
 garbage-first heap   total 0K, used 0K [0x00000000a1400000, 0x0000000100000000)
  region size 1024K, 0 young (0K), 0 survivors (0K)

[error occurred during error reporting (printing heap information), id 0xc0000005, EXCEPTION_ACCESS_VIOLATION (0xc0000005) at pc=0x00007ff8d60bf249]

GC Heap History (0 events):
No events

Deoptimization events (0 events):
No events

Classes unloaded (0 events):
No events

Classes redefined (0 events):
No events

Internal exceptions (0 events):
No events

VM Operations (0 events):
No events

Events (1 events):
Event: 0.011 Loaded shared library C:\Users\AJAY KUMAR B\AppData\Local\Programs\Eclipse Adoptium\jdk-17.0.3.7-hotspot\bin\java.dll


Dynamic libraries:
0x00007ff60ab20000 - 0x00007ff60ab2e000 	C:\Users\AJAY KUMAR B\AppData\Local\Programs\Eclipse Adoptium\jdk-17.0.3.7-hotspot\bin\java.exe
0x00007ff95e8b0000 - 0x00007ff95eac4000 	C:\WINDOWS\SYSTEM32\ntdll.dll
0x00007ff95cd40000 - 0x00007ff95ce04000 	C:\WINDOWS\System32\KERNEL32.DLL
0x00007ff95bf40000 - 0x00007ff95c2e4000 	C:\WINDOWS\System32\KERNELBASE.dll
0x00007ff95bc60000 - 0x00007ff95bd71000 	C:\WINDOWS\System32\ucrtbase.dll
0x00007ff917120000 - 0x00007ff917139000 	C:\Users\AJAY KUMAR B\AppData\Local\Programs\Eclipse Adoptium\jdk-17.0.3.7-hotspot\bin\VCRUNTIME140.dll
0x00007ff9574e0000 - 0x00007ff9574f8000 	C:\Users\AJAY KUMAR B\AppData\Local\Programs\Eclipse Adoptium\jdk-17.0.3.7-hotspot\bin\jli.dll
0x00007ff95d3e0000 - 0x00007ff95d58e000 	C:\WINDOWS\System32\USER32.dll
0x00007ff95bd80000 - 0x00007ff95bda6000 	C:\WINDOWS\System32\win32u.dll
0x00007ff945e90000 - 0x00007ff946123000 	C:\WINDOWS\WinSxS\amd64_microsoft.windows.common-controls_6595b64144ccf1df_6.0.22621.2215_none_270d72677387dfc3\COMCTL32.dll
0x00007ff95c650000 - 0x00007ff95c679000 	C:\WINDOWS\System32\GDI32.dll
0x00007ff95d640000 - 0x00007ff95d6e7000 	C:\WINDOWS\System32\msvcrt.dll
0x00007ff95bdb0000 - 0x00007ff95bec8000 	C:\WINDOWS\System32\gdi32full.dll
0x00007ff95c370000 - 0x00007ff95c40a000 	C:\WINDOWS\System32\msvcp_win.dll
0x00007ff95e450000 - 0x00007ff95e481000 	C:\WINDOWS\System32\IMM32.DLL
0x00007ff91e9c0000 - 0x00007ff91e9cc000 	C:\Users\AJAY KUMAR B\AppData\Local\Programs\Eclipse Adoptium\jdk-17.0.3.7-hotspot\bin\vcruntime140_1.dll
0x00007ff8fa9b0000 - 0x00007ff8faa41000 	C:\Users\AJAY KUMAR B\AppData\Local\Programs\Eclipse Adoptium\jdk-17.0.3.7-hotspot\bin\msvcp140.dll
0x00007ff8d59f0000 - 0x00007ff8d6638000 	C:\Users\AJAY KUMAR B\AppData\Local\Programs\Eclipse Adoptium\jdk-17.0.3.7-hotspot\bin\server\jvm.dll
0x00007ff95cc30000 - 0x00007ff95cce0000 	C:\WINDOWS\System32\ADVAPI32.dll
0x00007ff95cf30000 - 0x00007ff95cfd6000 	C:\WINDOWS\System32\sechost.dll
0x00007ff95ca20000 - 0x00007ff95cb37000 	C:\WINDOWS\System32\RPCRT4.dll
0x00007ff95c640000 - 0x00007ff95c648000 	C:\WINDOWS\System32\PSAPI.DLL
0x00007ff93ed80000 - 0x00007ff93ed89000 	C:\WINDOWS\SYSTEM32\WSOCK32.dll
0x00007ff953760000 - 0x00007ff95376a000 	C:\WINDOWS\SYSTEM32\VERSION.dll
0x00007ff954640000 - 0x00007ff954674000 	C:\WINDOWS\SYSTEM32\WINMM.dll
0x00007ff95d5a0000 - 0x00007ff95d611000 	C:\WINDOWS\System32\WS2_32.dll
0x00007ff95acb0000 - 0x00007ff95acc8000 	C:\WINDOWS\SYSTEM32\kernel.appcore.dll
0x00007ff91dc00000 - 0x00007ff91dc0a000 	C:\Users\AJAY KUMAR B\AppData\Local\Programs\Eclipse Adoptium\jdk-17.0.3.7-hotspot\bin\jimage.dll
0x00007ff949c20000 - 0x00007ff949e4e000 	C:\WINDOWS\SYSTEM32\DBGHELP.DLL
0x00007ff95d050000 - 0x00007ff95d3da000 	C:\WINDOWS\System32\combase.dll
0x00007ff95c940000 - 0x00007ff95ca17000 	C:\WINDOWS\System32\OLEAUT32.dll
0x00007ff941a30000 - 0x00007ff941a62000 	C:\WINDOWS\SYSTEM32\dbgcore.DLL
0x00007ff95c2f0000 - 0x00007ff95c36a000 	C:\WINDOWS\System32\bcryptPrimitives.dll
0x00007ff9170b0000 - 0x00007ff9170d5000 	C:\Users\AJAY KUMAR B\AppData\Local\Programs\Eclipse Adoptium\jdk-17.0.3.7-hotspot\bin\java.dll

dbghelp: loaded successfully - version: 4.0.5 - missing functions: none
symbol engine: initialized successfully - sym options: 0x614 - pdb path: .;C:\Users\AJAY KUMAR B\AppData\Local\Programs\Eclipse Adoptium\jdk-17.0.3.7-hotspot\bin;C:\WINDOWS\SYSTEM32;C:\WINDOWS\WinSxS\amd64_microsoft.windows.common-controls_6595b64144ccf1df_6.0.22621.2215_none_270d72677387dfc3;C:\Users\AJAY KUMAR B\AppData\Local\Programs\Eclipse Adoptium\jdk-17.0.3.7-hotspot\bin\server

VM Arguments:
jvm_args: -Dfile.encoding=UTF-8 --module-path=C:\Users\AJAY KUMAR B\OneDrive\Documents\NetBeansProjects\Employee management System\build\classes 
java_command: employee.management.system.Home
java_class_path (initial): C:\Users\AJAY KUMAR B\Downloads\mysql-connector-java-8.0.28.jar;C:\Users\AJAY KUMAR B\Downloads\jcalendar-tz-1.3.3-4.jar;C:\Users\AJAY KUMAR B\OneDrive\Documents\NetBeansProjects\Employee management System\build\classes
Launcher Type: SUN_STANDARD

[Global flags]
     intx CICompilerCount                          = 4                                         {product} {ergonomic}
     uint ConcGCThreads                            = 2                                         {product} {ergonomic}
     uint G1ConcRefinementThreads                  = 8                                         {product} {ergonomic}
   size_t G1HeapRegionSize                         = 1048576                                   {product} {ergonomic}
    uintx GCDrainStackTargetSize                   = 64                                        {product} {ergonomic}
   size_t InitialHeapSize                          = 100663296                                 {product} {ergonomic}
   size_t MarkStackSize                            = 4194304                                   {product} {ergonomic}
   size_t MaxHeapSize                              = 1589641216                                {product} {ergonomic}
   size_t MinHeapDeltaBytes                        = 1048576                                   {product} {ergonomic}
   size_t MinHeapSize                              = 8388608                                   {product} {ergonomic}
    uintx NonNMethodCodeHeapSize                   = 5839372                                {pd product} {ergonomic}
    uintx NonProfiledCodeHeapSize                  = 122909434                              {pd product} {ergonomic}
    uintx ProfiledCodeHeapSize                     = 122909434                              {pd product} {ergonomic}
    uintx ReservedCodeCacheSize                    = 251658240                              {pd product} {ergonomic}
     bool SegmentedCodeCache                       = true                                      {product} {ergonomic}
   size_t SoftMaxHeapSize                          = 1589641216                             {manageable} {ergonomic}
     bool UseCompressedClassPointers               = true                           {product lp64_product} {ergonomic}
     bool UseCompressedOops                        = true                           {product lp64_product} {ergonomic}
     bool UseG1GC                                  = true                                      {product} {ergonomic}
     bool UseLargePagesIndividualAllocation        = false                                  {pd product} {ergonomic}

Logging:
Log output configuration:
 #0: stdout all=warning uptime,level,tags
 #1: stderr all=off uptime,level,tags

Environment Variables:
JAVA_HOME=C:\Users\AJAY KUMAR B\AppData\Local\Programs\Eclipse Adoptium\jdk-17.0.3.7-hotspot\
PATH=C:\Oracle21c\WINDOWS.X64_213000_db_home\bin;C:\WINDOWS\system32;C:\WINDOWS;C:\WINDOWS\System32\Wbem;C:\WINDOWS\System32\WindowsPowerShell\v1.0\;C:\WINDOWS\System32\OpenSSH\;C:\Program Files\dotnet\;C:\Program Files\Git\cmd;C:\Program Files\nodejs\;C:\Program Files\MySQL\MySQL Server 8.0\bin;C:\Program Files\MySQL\MySQL Shell 8.0\bin\;C:\Users\AJAY KUMAR B\AppData\Local\Programs\Eclipse Adoptium\jdk-17.0.3.7-hotspot\bin;C:\Users\AJAY KUMAR B\AppData\Local\Programs\Python\Python39\Scripts\;C:\Users\AJAY KUMAR B\AppData\Local\Programs\Python\Python39\;C:\Users\AJAY KUMAR B\AppData\Local\Microsoft\WindowsApps;C:\Program Files\JetBrains\PyCharm Community Edition 2021.1.2\bin;;C:\Users\AJAY KUMAR B\AppData\Local\Programs\Microsoft VS Code\bin;C:\Users\AJAY KUMAR B\AppData\Local\GitHubDesktop\bin;C:\Users\AJAY KUMAR B\AppData\Roaming\npm
USERNAME=AJAY KUMAR B
OS=Windows_NT
PROCESSOR_IDENTIFIER=AMD64 Family 23 Model 24 Stepping 1, AuthenticAMD



---------------  S Y S T E M  ---------------

OS:
 Windows 11 , 64 bit Build 22621 (10.0.22621.2215)
OS uptime: 0 days 10:27 hours

CPU: total 8 (initial active 8) (8 cores per cpu, 2 threads per core) family 23 model 24 stepping 1 microcode 0x0, cx8, cmov, fxsr, ht, mmx, 3dnowpref, sse, sse2, sse3, ssse3, sse4a, sse4.1, sse4.2, popcnt, lzcnt, tsc, tscinvbit, avx, avx2, aes, clmul, bmi1, bmi2, adx, sha, fma, vzeroupper, clflush, clflushopt

Memory: 4k page, system-wide physical 6057M (316M free)
TotalPageFile size 24489M (AvailPageFile size 48M)
current process WorkingSet (physical memory assigned to process): 11M, peak: 11M
current process commit charge ("private bytes"): 60M, peak: 156M

vm_info: OpenJDK 64-Bit Server VM (17.0.3+7) for windows-amd64 JRE (17.0.3+7), built on Apr 19 2022 16:55:35 by "" with MS VC++ 16.7 (VS2019)

END.
